<?xml version="1.0" encoding="UTF-8"?>
<!-- Generated by org.testng.reporters.JUnitXMLReporter -->
<testsuite hostname="DESKTOP-C64J8NP" ignored="0" name="Invalid Test" tests="6" failures="2" timestamp="05 Aug 2020 12:28:54 GMT" time="122.353" errors="0">
  <testcase name="Test0" time="22.334" classname="test.InvalidTest"/>
  <testcase name="invalidLoc" time="4.959" classname="test.InvalidTest"/>
  <testcase name="stay" time="1.411" classname="test.InvalidTest"/>
  <testcase name="roomNumber" time="12.386" classname="test.InvalidTest">
    <failure type="java.lang.AssertionError" message="Cannot select more than 9 rooms expected [true] but found [false]">
      <![CDATA[java.lang.AssertionError: Cannot select more than 9 rooms expected [true] but found [false]
at test.InvalidTest.roomNumber(InvalidTest.java:97)
... Removed 31 stack frames]]>
    </failure>
  </testcase> <!-- roomNumber -->
  <testcase name="searchClick" time="32.385" classname="test.InvalidTest">
    <failure type="org.openqa.selenium.TimeoutException" message="timeout: Timed out receiving message from renderer: 30.000
  (Session info: chrome=84.0.4147.105)
Build info: version: &amp;apos;3.14.0&amp;apos;, revision: &amp;apos;aacccce0&amp;apos;, time: &amp;apos;2018-08-02T20:19:58.91Z&amp;apos;
System info: host: &amp;apos;DESKTOP-C64J8NP&amp;apos;, ip: &amp;apos;192.168.29.248&amp;apos;, os.name: &amp;apos;Windows 10&amp;apos;, os.arch: &amp;apos;amd64&amp;apos;, os.version: &amp;apos;10.0&amp;apos;, java.version: &amp;apos;1.8.0_241&amp;apos;
Driver info: org.openqa.selenium.chrome.ChromeDriver
Capabilities {acceptInsecureCerts: false, browserName: chrome, browserVersion: 84.0.4147.105, chrome: {chromedriverVersion: 84.0.4147.30 (48b3e868b4cc0..., userDataDir: C:\Users\ARUP\AppData\Local...}, goog:chromeOptions: {debuggerAddress: localhost:50343}, javascriptEnabled: true, networkConnectionEnabled: false, pageLoadStrategy: normal, platform: WINDOWS, platformName: WINDOWS, proxy: Proxy(), setWindowRect: true, strictFileInteractability: false, timeouts: {implicit: 0, pageLoad: 300000, script: 30000}, unhandledPromptBehavior: dismiss and notify, webauthn:virtualAuthenticators: true}
Session ID: 94a0bb61ef2a4e19ff2e20f59a51e7bb">
      <![CDATA[org.openqa.selenium.TimeoutException: timeout: Timed out receiving message from renderer: 30.000
  (Session info: chrome=84.0.4147.105)
Build info: version: '3.14.0', revision: 'aacccce0', time: '2018-08-02T20:19:58.91Z'
System info: host: 'DESKTOP-C64J8NP', ip: '192.168.29.248', os.name: 'Windows 10', os.arch: 'amd64', os.version: '10.0', java.version: '1.8.0_241'
Driver info: org.openqa.selenium.chrome.ChromeDriver
Capabilities {acceptInsecureCerts: false, browserName: chrome, browserVersion: 84.0.4147.105, chrome: {chromedriverVersion: 84.0.4147.30 (48b3e868b4cc0..., userDataDir: C:\Users\ARUP\AppData\Local...}, goog:chromeOptions: {debuggerAddress: localhost:50343}, javascriptEnabled: true, networkConnectionEnabled: false, pageLoadStrategy: normal, platform: WINDOWS, platformName: WINDOWS, proxy: Proxy(), setWindowRect: true, strictFileInteractability: false, timeouts: {implicit: 0, pageLoad: 300000, script: 30000}, unhandledPromptBehavior: dismiss and notify, webauthn:virtualAuthenticators: true}
Session ID: 94a0bb61ef2a4e19ff2e20f59a51e7bb
at org.openqa.selenium.remote.http.W3CHttpResponseCodec.createException(W3CHttpResponseCodec.java:187)
at org.openqa.selenium.remote.http.W3CHttpResponseCodec.decode(W3CHttpResponseCodec.java:122)
at org.openqa.selenium.remote.http.W3CHttpResponseCodec.decode(W3CHttpResponseCodec.java:49)
at org.openqa.selenium.remote.HttpCommandExecutor.execute(HttpCommandExecutor.java:158)
at org.openqa.selenium.remote.service.DriverCommandExecutor.execute(DriverCommandExecutor.java:83)
at org.openqa.selenium.remote.RemoteWebDriver.execute(RemoteWebDriver.java:548)
at org.openqa.selenium.remote.RemoteWebElement.execute(RemoteWebElement.java:276)
at org.openqa.selenium.remote.RemoteWebElement.click(RemoteWebElement.java:83)
at pagepackage.LandingPage.search(LandingPage.java:70)
at pagepackage.HotelListPage.searchButton(HotelListPage.java:49)
at test.InvalidTest.searchClick(InvalidTest.java:106)
... Removed 32 stack frames]]>
    </failure>
  </testcase> <!-- searchClick -->
  <testcase name="invalidMinPrice" time="30.106" classname="test.InvalidTest"/>
</testsuite> <!-- Invalid Test -->
